<?xml version="1.0" encoding="UTF-8"?>
<!-- Generated by org.testng.reporters.JUnitReportReporter -->
<testsuite hostname="lap1154" failures="0" tests="2" name="pomtestcase.LoginTest" time="5.869" errors="0" timestamp="2023-02-22T03:21:06 IST" skipped="0">
  <testcase classname="pomtestcase.LoginTest" name="Login" time="5.710"/>
  <system-out/>
  <testcase classname="pomtestcase.LoginTest" name="Home" time="0.159"/>
  <system-out/>
</testsuite> <!-- pomtestcase.LoginTest -->
