<?xml version="1.0" encoding="UTF-8"?>
<!-- Generated by org.testng.reporters.JUnitReportReporter -->
<testsuite hostname="lap1154" failures="0" tests="2" name="pomtestcase.LoginTest" time="2.797" errors="0" timestamp="2023-02-20T04:29:34 IST" skipped="0">
  <testcase classname="pomtestcase.LoginTest" name="Login" time="2.626"/>
  <system-out/>
  <testcase classname="pomtestcase.LoginTest" name="Home" time="0.171"/>
  <system-out/>
</testsuite> <!-- pomtestcase.LoginTest -->
