<?xml version="1.0" encoding="UTF-8"?>
<!-- Generated by org.testng.reporters.JUnitReportReporter -->
<testsuite hostname="lap1154" failures="0" tests="4" name="com.TestCases.Verify_LoginTest" time="8.669" errors="0" timestamp="2023-07-02T19:41:37 IST" skipped="0">
  <testcase classname="com.TestCases.Verify_LoginTest" name="TestValidUsername_InvalidPassword" time="1.204"/>
  <system-out/>
  <testcase classname="com.TestCases.Verify_LoginTest" name="TestInValidUsername_validPassword" time="1.112"/>
  <system-out/>
  <testcase classname="com.TestCases.Verify_LoginTest" name="TestInValidUsername_InvalidPassword" time="1.082"/>
  <system-out/>
  <testcase classname="com.TestCases.Verify_LoginTest" name="TestValidUsername_ValidPassword" time="5.271"/>
  <system-out/>
</testsuite> <!-- com.TestCases.Verify_LoginTest -->
