<?xml version="1.0" encoding="UTF-8"?>
<!-- Generated by org.testng.reporters.JUnitReportReporter -->
<testsuite hostname="lap1154" failures="0" tests="1" name="com.TestCases.Verify_AddJob" time="11.064" errors="0" timestamp="2023-07-03T02:43:04 IST" skipped="0">
  <testcase classname="com.TestCases.Verify_AddJob" name="TestAddJob" time="11.064"/>
  <system-out/>
</testsuite> <!-- com.TestCases.Verify_AddJob -->
