<?xml version="1.0" encoding="UTF-8"?>
<!-- Generated by org.testng.reporters.JUnitReportReporter -->
<testsuite hostname="lap1154" failures="0" tests="3" name="com.TestCases.Verify_JobTest" time="6.338" errors="0" timestamp="2023-07-03T23:46:37 IST" skipped="2">
  <testcase classname="com.TestCases.Verify_JobTest" name="TestDeleteJob" time="6.338"/>
  <system-out/>
  <testcase classname="com.TestCases.Verify_JobTest" name="TestEditJob">
    <skipped/>
  </testcase> <!-- TestEditJob -->
  <system-out/>
  <testcase classname="com.TestCases.Verify_JobTest" name="TestAddJob">
    <skipped/>
  </testcase> <!-- TestAddJob -->
  <system-out/>
</testsuite> <!-- com.TestCases.Verify_JobTest -->
