<?xml version="1.0" encoding="UTF-8"?>
<!-- Generated by org.testng.reporters.JUnitReportReporter -->
<testsuite hostname="lap1154" failures="0" tests="4" name="com.TestCases.VerifyUserLoginTest" time="15.095" errors="0" timestamp="2023-03-23T04:29:37 IST" skipped="2">
  <testcase classname="com.TestCases.VerifyUserLoginTest" name="verify_invalid_User_invalid_password_login" time="5.238"/>
  <system-out/>
  <testcase classname="com.TestCases.VerifyUserLoginTest" name="verify_invalid_User_valid_password_login" time="9.857"/>
  <system-out/>
  <testcase classname="com.TestCases.VerifyUserLoginTest" name="verify_valid_User_Login">
    <skipped/>
  </testcase> <!-- verify_valid_User_Login -->
  <system-out/>
  <testcase classname="com.TestCases.VerifyUserLoginTest" name="verify_valid_User_invalid_Password_login">
    <skipped/>
  </testcase> <!-- verify_valid_User_invalid_Password_login -->
  <system-out/>
</testsuite> <!-- com.TestCases.VerifyUserLoginTest -->
