<?xml version="1.0" encoding="UTF-8"?>
<!-- Generated by org.testng.reporters.JUnitReportReporter -->
<testsuite hostname="lap1154" failures="0" tests="3" name="com.TestCases.VerifyPeopleTest" time="26.365" errors="0" timestamp="2023-03-18T00:06:56 IST" skipped="0">
  <testcase classname="com.TestCases.VerifyPeopleTest" name="verify_add_supplier" time="8.701"/>
  <system-out/>
  <testcase classname="com.TestCases.VerifyPeopleTest" name="verify_add_waiter" time="8.936"/>
  <system-out/>
  <testcase classname="com.TestCases.VerifyPeopleTest" name="verify_add_customer" time="8.728"/>
  <system-out/>
</testsuite> <!-- com.TestCases.VerifyPeopleTest -->
