<?xml version="1.0" encoding="UTF-8"?>
<!-- Generated by org.testng.reporters.JUnitReportReporter -->
<testsuite hostname="lap1154" failures="0" tests="4" name="com.TestCases.VerifyAddProductTest" time="58.842" errors="0" timestamp="2023-03-15T02:27:52 IST" skipped="0">
  <testcase classname="com.TestCases.VerifyAddProductTest" name="verify_add_product" time="22.648"/>
  <system-out/>
  <testcase classname="com.TestCases.VerifyAddProductTest" name="verify_file_download" time="7.358"/>
  <system-out/>
  <testcase classname="com.TestCases.VerifyAddProductTest" name="verify_file_upload" time="9.259"/>
  <system-out/>
  <testcase classname="com.TestCases.VerifyAddProductTest" name="verify_print_menu" time="19.577"/>
  <system-out/>
</testsuite> <!-- com.TestCases.VerifyAddProductTest -->
