<?xml version="1.0" encoding="UTF-8"?>
<!-- Generated by org.testng.reporters.JUnitReportReporter -->
<testsuite hostname="lap1154" failures="0" tests="3" name="com.TestCases.VerifyPeopleTest" time="25.672" errors="0" timestamp="2023-03-16T22:30:50 IST" skipped="0">
  <testcase classname="com.TestCases.VerifyPeopleTest" name="verify_add_supplier" time="8.608"/>
  <system-out/>
  <testcase classname="com.TestCases.VerifyPeopleTest" name="verify_add_waiter" time="8.455"/>
  <system-out/>
  <testcase classname="com.TestCases.VerifyPeopleTest" name="verify_add_customer" time="8.609"/>
  <system-out/>
</testsuite> <!-- com.TestCases.VerifyPeopleTest -->
