<?xml version="1.0" encoding="UTF-8"?>
<!-- Generated by org.testng.reporters.JUnitReportReporter -->
<testsuite hostname="lap1154" failures="0" tests="4" name="com.TestCases.VerifyStoreTest" time="6.830" errors="0" timestamp="2023-03-09T04:23:19 IST" skipped="0">
  <testcase classname="com.TestCases.VerifyStoreTest" name="store_name_descending" time="0.723"/>
  <system-out/>
  <testcase classname="com.TestCases.VerifyStoreTest" name="user_add_store" time="2.721"/>
  <system-out/>
  <testcase classname="com.TestCases.VerifyStoreTest" name="user_edit_store" time="2.464"/>
  <system-out/>
  <testcase classname="com.TestCases.VerifyStoreTest" name="user_delete_store" time="0.922"/>
  <system-out/>
</testsuite> <!-- com.TestCases.VerifyStoreTest -->
