<?xml version="1.0" encoding="UTF-8"?>
<!-- Generated by org.testng.reporters.JUnitReportReporter -->
<testsuite hostname="lap1154" failures="0" tests="2" name="com.TestCases.VerifyCategoryTest" time="22.387" errors="0" timestamp="2023-03-22T05:13:45 IST" skipped="0">
  <testcase classname="com.TestCases.VerifyCategoryTest" name="verify_add_product_category" time="11.683"/>
  <system-out/>
  <testcase classname="com.TestCases.VerifyCategoryTest" name="verify_add_expense_category" time="10.704"/>
  <system-out/>
</testsuite> <!-- com.TestCases.VerifyCategoryTest -->
