<?xml version="1.0" encoding="UTF-8"?>
<!-- Generated by org.testng.reporters.JUnitReportReporter -->
<testsuite hostname="lap1154" failures="0" tests="8" name="com.TestCases.VerifyStoreTest" time="94.237" errors="0" timestamp="2023-03-14T21:03:59 IST" skipped="0">
  <testcase classname="com.TestCases.VerifyStoreTest" name="verify_sort_store_name_descending_order" time="46.416"/>
  <system-out/>
  <testcase classname="com.TestCases.VerifyStoreTest" name="verify_add_store" time="9.648"/>
  <system-out/>
  <testcase classname="com.TestCases.VerifyStoreTest" name="verify_edit_store" time="8.561"/>
  <system-out/>
  <testcase classname="com.TestCases.VerifyStoreTest" name="verify_delete_store" time="6.548"/>
  <system-out/>
  <testcase classname="com.TestCases.VerifyStoreTest" name="verify_sort_store_coulmns" time="5.204"/>
  <system-out/>
  <testcase classname="com.TestCases.VerifyStoreTest" name="verify_show_dropdown" time="5.985"/>
  <system-out/>
  <testcase classname="com.TestCases.VerifyStoreTest" name="verify_store_search" time="6.189"/>
  <system-out/>
  <testcase classname="com.TestCases.VerifyStoreTest" name="verify_storepage_pagination" time="5.686"/>
  <system-out/>
</testsuite> <!-- com.TestCases.VerifyStoreTest -->
