<?xml version="1.0" encoding="UTF-8"?>
<!-- Generated by org.testng.reporters.JUnitReportReporter -->
<testsuite hostname="lap1154" failures="0" tests="2" name="com.TestCases.VerifyCategoryTest" time="15.993" errors="0" timestamp="2023-03-23T04:29:37 IST" skipped="0">
  <testcase classname="com.TestCases.VerifyCategoryTest" name="verify_add_product_category" time="8.191"/>
  <system-out/>
  <testcase classname="com.TestCases.VerifyCategoryTest" name="verify_add_expense_category" time="7.802"/>
  <system-out/>
</testsuite> <!-- com.TestCases.VerifyCategoryTest -->
