<?xml version="1.0" encoding="UTF-8"?>
<!-- Generated by org.testng.reporters.JUnitReportReporter -->
<testsuite hostname="lap1154" failures="0" tests="3" name="com.TestCases.VerifyHomepageTest" time="18.554" errors="0" timestamp="2023-03-16T22:30:50 IST" skipped="0">
  <testcase classname="com.TestCases.VerifyHomepageTest" name="verify_logged_user_name" time="5.944"/>
  <system-out/>
  <testcase classname="com.TestCases.VerifyHomepageTest" name="verify_home_menu_elements" time="5.642"/>
  <system-out/>
  <testcase classname="com.TestCases.VerifyHomepageTest" name="verify_language_selection" time="6.968"/>
  <system-out/>
</testsuite> <!-- com.TestCases.VerifyHomepageTest -->
