<?xml version="1.0" encoding="UTF-8"?>
<!-- Generated by org.testng.reporters.JUnitReportReporter -->
<testsuite hostname="lap1154" failures="0" tests="6" name="com.TestCases.VerifyStoreManageTest" time="46.468" errors="0" timestamp="2023-03-14T21:03:59 IST" skipped="0">
  <testcase classname="com.TestCases.VerifyStoreManageTest" name="verify_add_store_zone" time="7.524"/>
  <system-out/>
  <testcase classname="com.TestCases.VerifyStoreManageTest" name="verify_edit_store_zone" time="7.772"/>
  <system-out/>
  <testcase classname="com.TestCases.VerifyStoreManageTest" name="verify_delete_store_zone" time="6.885"/>
  <system-out/>
  <testcase classname="com.TestCases.VerifyStoreManageTest" name="verify_add_store_table" time="7.756"/>
  <system-out/>
  <testcase classname="com.TestCases.VerifyStoreManageTest" name="verify_edit_store_table" time="8.885"/>
  <system-out/>
  <testcase classname="com.TestCases.VerifyStoreManageTest" name="verify_delete_store_table" time="7.646"/>
  <system-out/>
</testsuite> <!-- com.TestCases.VerifyStoreManageTest -->
