<?xml version="1.0" encoding="UTF-8"?>
<!-- Generated by org.testng.reporters.JUnitReportReporter -->
<testsuite hostname="lap1154" failures="0" tests="2" name="com.TestCases.VerifyCategoryTest" time="13.650" errors="0" timestamp="2023-03-12T14:43:52 IST" skipped="0">
  <testcase classname="com.TestCases.VerifyCategoryTest" name="verify_add_product_category" time="6.957"/>
  <system-out/>
  <testcase classname="com.TestCases.VerifyCategoryTest" name="verify_add_expense_category" time="6.693"/>
  <system-out/>
</testsuite> <!-- com.TestCases.VerifyCategoryTest -->
