<?xml version="1.0" encoding="UTF-8"?>
<!-- Generated by org.testng.reporters.JUnitReportReporter -->
<testsuite hostname="lap1154" failures="0" tests="3" name="com.TestCases.VerifyPeopleTest" time="23.363" errors="0" timestamp="2023-03-14T21:03:59 IST" skipped="0">
  <testcase classname="com.TestCases.VerifyPeopleTest" name="verify_add_supplier" time="7.678"/>
  <system-out/>
  <testcase classname="com.TestCases.VerifyPeopleTest" name="verify_add_waiter" time="7.649"/>
  <system-out/>
  <testcase classname="com.TestCases.VerifyPeopleTest" name="verify_add_customer" time="8.036"/>
  <system-out/>
</testsuite> <!-- com.TestCases.VerifyPeopleTest -->
