<?xml version="1.0" encoding="UTF-8"?>
<!-- Generated by org.testng.reporters.JUnitReportReporter -->
<testsuite hostname="lap1154" failures="0" tests="1" name="com.TestCases.VerifyAddExpenseTest" time="11.291" errors="0" timestamp="2023-03-16T03:40:10 IST" skipped="0">
  <testcase classname="com.TestCases.VerifyAddExpenseTest" name="verify_expense_addition" time="11.291"/>
  <system-out/>
</testsuite> <!-- com.TestCases.VerifyAddExpenseTest -->
