<?xml version="1.0" encoding="UTF-8"?>
<!-- Generated by org.testng.reporters.JUnitReportReporter -->
<testsuite hostname="lap1154" failures="0" tests="1" name="com.TestCases.VerifyAddProductTest" time="20.920" errors="0" timestamp="2023-03-06T10:46:40 IST" skipped="0">
  <testcase classname="com.TestCases.VerifyAddProductTest" name="user_add_product" time="20.920"/>
  <system-out/>
</testsuite> <!-- com.TestCases.VerifyAddProductTest -->
