<?xml version="1.0" encoding="UTF-8"?>
<!-- Generated by org.testng.reporters.JUnitReportReporter -->
<testsuite hostname="lap1154" failures="0" tests="5" name="com.TestCases.VerifyUserLoginTest" time="32.404" errors="0" timestamp="2023-03-14T21:03:59 IST" skipped="0">
  <testcase classname="com.TestCases.VerifyUserLoginTest" name="verify_invalid_User_invalid_password_login" time="6.013"/>
  <system-out/>
  <testcase classname="com.TestCases.VerifyUserLoginTest" name="verify_invalid_User_valid_password_login" time="5.356"/>
  <system-out/>
  <testcase classname="com.TestCases.VerifyUserLoginTest" name="verify_valid_User_invalid_Password_login" time="5.221"/>
  <system-out/>
  <testcase classname="com.TestCases.VerifyUserLoginTest" name="verify_valid_User_invalid_Password_login" time="5.316"/>
  <system-out/>
  <testcase classname="com.TestCases.VerifyUserLoginTest" name="verify_valid_User_Login" time="10.498"/>
  <system-out/>
</testsuite> <!-- com.TestCases.VerifyUserLoginTest -->
