<?xml version="1.0" encoding="UTF-8"?>
<!-- Generated by org.testng.reporters.JUnitReportReporter -->
<testsuite hostname="lap1154" failures="0" tests="9" name="com.TestCases.VerifyStoreTest" time="96.177" errors="0" timestamp="2023-03-22T05:13:45 IST" skipped="0">
  <testcase classname="com.TestCases.VerifyStoreTest" name="verify_sort_store_name_descending_order" time="9.916"/>
  <system-out/>
  <testcase classname="com.TestCases.VerifyStoreTest" name="verify_sort_store_name_ascending_order" time="10.585"/>
  <system-out/>
  <testcase classname="com.TestCases.VerifyStoreTest" name="verify_add_store" time="11.874"/>
  <system-out/>
  <testcase classname="com.TestCases.VerifyStoreTest" name="verify_edit_store" time="12.705"/>
  <system-out/>
  <testcase classname="com.TestCases.VerifyStoreTest" name="verify_delete_store" time="12.017"/>
  <system-out/>
  <testcase classname="com.TestCases.VerifyStoreTest" name="verify_sort_store_coulmns" time="9.498"/>
  <system-out/>
  <testcase classname="com.TestCases.VerifyStoreTest" name="verify_show_dropdown" time="10.241"/>
  <system-out/>
  <testcase classname="com.TestCases.VerifyStoreTest" name="verify_store_search" time="9.722"/>
  <system-out/>
  <testcase classname="com.TestCases.VerifyStoreTest" name="verify_storepage_pagination" time="9.619"/>
  <system-out/>
</testsuite> <!-- com.TestCases.VerifyStoreTest -->
