<?xml version="1.0" encoding="UTF-8"?>
<!-- Generated by org.testng.reporters.JUnitReportReporter -->
<testsuite hostname="lap1154" failures="0" tests="4" name="com.TestCases.VerifyUserLoginTest" time="10.107" errors="0" timestamp="2023-03-09T21:25:47 IST" skipped="2">
  <testcase classname="com.TestCases.VerifyUserLoginTest" name="invalid_User_valid_pass" time="3.726"/>
  <system-out/>
  <testcase classname="com.TestCases.VerifyUserLoginTest" name="invalid_User_invalid_pass" time="6.381"/>
  <system-out/>
  <testcase classname="com.TestCases.VerifyUserLoginTest" name="validUserLogin">
    <skipped/>
  </testcase> <!-- validUserLogin -->
  <system-out/>
  <testcase classname="com.TestCases.VerifyUserLoginTest" name="validUserinvalidPass">
    <skipped/>
  </testcase> <!-- validUserinvalidPass -->
  <system-out/>
</testsuite> <!-- com.TestCases.VerifyUserLoginTest -->
