<?xml version="1.0" encoding="UTF-8"?>
<!-- Generated by org.testng.reporters.JUnitReportReporter -->
<testsuite hostname="lap1154" failures="0" tests="5" name="com.TestCases.VerifyUserLoginTest" time="27.598" errors="0" timestamp="2023-03-28T18:54:37 IST" skipped="0">
  <testcase classname="com.TestCases.VerifyUserLoginTest" name="verify_invalid_User_invalid_password_login" time="5.488"/>
  <system-out/>
  <testcase classname="com.TestCases.VerifyUserLoginTest" name="verify_invalid_User_valid_password_login" time="5.290"/>
  <system-out/>
  <testcase classname="com.TestCases.VerifyUserLoginTest" name="verify_valid_User_invalid_Password_login" time="4.316"/>
  <system-out/>
  <testcase classname="com.TestCases.VerifyUserLoginTest" name="verify_valid_User_invalid_Password_login" time="6.361"/>
  <system-out/>
  <testcase classname="com.TestCases.VerifyUserLoginTest" name="verify_valid_User_Login" time="6.143"/>
  <system-out/>
</testsuite> <!-- com.TestCases.VerifyUserLoginTest -->
