<?xml version="1.0" encoding="UTF-8"?>
<!-- Generated by org.testng.reporters.JUnitReportReporter -->
<testsuite hostname="lap1154" failures="0" tests="6" name="com.TestCases.VerifyStoreManageTest" time="46.603" errors="0" timestamp="2023-03-12T16:35:02 IST" skipped="0">
  <testcase classname="com.TestCases.VerifyStoreManageTest" name="verify_add_store_zone" time="7.965"/>
  <system-out/>
  <testcase classname="com.TestCases.VerifyStoreManageTest" name="verify_edit_store_zone" time="8.734"/>
  <system-out/>
  <testcase classname="com.TestCases.VerifyStoreManageTest" name="verify_delete_store_zone" time="7.127"/>
  <system-out/>
  <testcase classname="com.TestCases.VerifyStoreManageTest" name="verify_add_store_table" time="7.641"/>
  <system-out/>
  <testcase classname="com.TestCases.VerifyStoreManageTest" name="verify_edit_store_table" time="8.385"/>
  <system-out/>
  <testcase classname="com.TestCases.VerifyStoreManageTest" name="verify_delete_store_table" time="6.751"/>
  <system-out/>
</testsuite> <!-- com.TestCases.VerifyStoreManageTest -->
