<?xml version="1.0" encoding="UTF-8"?>
<!-- Generated by org.testng.reporters.JUnitReportReporter -->
<testsuite hostname="lap1154" failures="0" tests="4" name="com.TestCases.VerifyAddProductTest" time="64.673" errors="0" timestamp="2023-03-16T03:40:10 IST" skipped="0">
  <testcase classname="com.TestCases.VerifyAddProductTest" name="verify_add_product" time="22.534"/>
  <system-out/>
  <testcase classname="com.TestCases.VerifyAddProductTest" name="verify_file_download" time="8.604"/>
  <system-out/>
  <testcase classname="com.TestCases.VerifyAddProductTest" name="verify_file_upload" time="14.740"/>
  <system-out/>
  <testcase classname="com.TestCases.VerifyAddProductTest" name="verify_print_menu" time="18.795"/>
  <system-out/>
</testsuite> <!-- com.TestCases.VerifyAddProductTest -->
