<?xml version="1.0" encoding="UTF-8"?>
<!-- Generated by org.testng.reporters.JUnitReportReporter -->
<testsuite hostname="lap1154" failures="0" tests="4" name="com.TestCases.VerifyAddProductTest" time="45.557" errors="0" timestamp="2023-03-14T21:03:59 IST" skipped="0">
  <testcase classname="com.TestCases.VerifyAddProductTest" name="verify_add_product" time="11.966"/>
  <system-out/>
  <testcase classname="com.TestCases.VerifyAddProductTest" name="verify_file_download" time="7.314"/>
  <system-out/>
  <testcase classname="com.TestCases.VerifyAddProductTest" name="verify_file_upload" time="9.047"/>
  <system-out/>
  <testcase classname="com.TestCases.VerifyAddProductTest" name="verify_print_menu" time="17.230"/>
  <system-out/>
</testsuite> <!-- com.TestCases.VerifyAddProductTest -->
