<?xml version="1.0" encoding="UTF-8"?>
<!-- Generated by org.testng.reporters.JUnitReportReporter -->
<testsuite hostname="lap1154" failures="0" tests="1" name="com.TestCases.VerifyAddStoreTest" time="6.218" errors="0" timestamp="2023-03-07T17:42:28 IST" skipped="0">
  <testcase classname="com.TestCases.VerifyAddStoreTest" name="user_add_store" time="6.218"/>
  <system-out/>
</testsuite> <!-- com.TestCases.VerifyAddStoreTest -->
