<?xml version="1.0" encoding="UTF-8"?>
<!-- Generated by org.testng.reporters.JUnitReportReporter -->
<testsuite hostname="lap1154" failures="0" tests="3" name="com.TestCases.VerifyHomepageTest" time="30.323" errors="0" timestamp="2023-03-22T05:13:45 IST" skipped="0">
  <testcase classname="com.TestCases.VerifyHomepageTest" name="verify_logged_user_name" time="9.466"/>
  <system-out/>
  <testcase classname="com.TestCases.VerifyHomepageTest" name="verify_home_menu_elements" time="9.397"/>
  <system-out/>
  <testcase classname="com.TestCases.VerifyHomepageTest" name="verify_language_selection" time="11.460"/>
  <system-out/>
</testsuite> <!-- com.TestCases.VerifyHomepageTest -->
