<?xml version="1.0" encoding="UTF-8"?>
<!-- Generated by org.testng.reporters.JUnitReportReporter -->
<testsuite hostname="lap1154" failures="0" tests="10" name="com.TestCases.VerifyStoreTest" time="101.362" errors="0" timestamp="2023-03-23T04:29:37 IST" skipped="1">
  <testcase classname="com.TestCases.VerifyStoreTest" name="verify_sort_store_name_descending_order" time="6.746"/>
  <system-out/>
  <testcase classname="com.TestCases.VerifyStoreTest" name="verify_sort_store_name_ascending_order" time="7.139"/>
  <system-out/>
  <testcase classname="com.TestCases.VerifyStoreTest" name="verify_add_store" time="9.032"/>
  <system-out/>
  <testcase classname="com.TestCases.VerifyStoreTest" name="verify_edit_store" time="34.205">
    <skipped/>
  </testcase> <!-- verify_edit_store -->
  <system-out/>
  <testcase classname="com.TestCases.VerifyStoreTest" name="verify_edit_store" time="9.156"/>
  <system-out/>
  <testcase classname="com.TestCases.VerifyStoreTest" name="verify_delete_store" time="7.992"/>
  <system-out/>
  <testcase classname="com.TestCases.VerifyStoreTest" name="verify_sort_store_coulmns" time="6.594"/>
  <system-out/>
  <testcase classname="com.TestCases.VerifyStoreTest" name="verify_show_dropdown" time="6.636"/>
  <system-out/>
  <testcase classname="com.TestCases.VerifyStoreTest" name="verify_store_search" time="6.962"/>
  <system-out/>
  <testcase classname="com.TestCases.VerifyStoreTest" name="verify_storepage_pagination" time="6.900"/>
  <system-out/>
</testsuite> <!-- com.TestCases.VerifyStoreTest -->
