<?xml version="1.0" encoding="UTF-8"?>
<!-- Generated by org.testng.reporters.JUnitReportReporter -->
<testsuite hostname="lap1154" failures="0" tests="1" name="com.TestCases.VerifyEditStore" time="6.157" errors="0" timestamp="2023-03-06T02:08:03 IST" skipped="0">
  <testcase classname="com.TestCases.VerifyEditStore" name="user_edit_store" time="6.157"/>
  <system-out/>
</testsuite> <!-- com.TestCases.VerifyEditStore -->
