<?xml version="1.0" encoding="UTF-8"?>
<!-- Generated by org.testng.reporters.JUnitReportReporter -->
<testsuite hostname="lap1154" failures="0" tests="3" name="com.TestCases.VerifyPeopleTest" time="36.091" errors="0" timestamp="2023-03-22T05:13:45 IST" skipped="0">
  <testcase classname="com.TestCases.VerifyPeopleTest" name="verify_add_supplier" time="12.194"/>
  <system-out/>
  <testcase classname="com.TestCases.VerifyPeopleTest" name="verify_add_waiter" time="11.511"/>
  <system-out/>
  <testcase classname="com.TestCases.VerifyPeopleTest" name="verify_add_customer" time="12.386"/>
  <system-out/>
</testsuite> <!-- com.TestCases.VerifyPeopleTest -->
