<?xml version="1.0" encoding="UTF-8"?>
<!-- Generated by org.testng.reporters.JUnitReportReporter -->
<testsuite hostname="lap1154" failures="0" tests="9" name="com.TestCases.VerifyStoreTest" time="66.266" errors="0" timestamp="2023-03-16T22:30:50 IST" skipped="0">
  <testcase classname="com.TestCases.VerifyStoreTest" name="verify_sort_store_name_descending_order" time="7.061"/>
  <system-out/>
  <testcase classname="com.TestCases.VerifyStoreTest" name="verify_sort_store_name_ascending_order" time="6.738"/>
  <system-out/>
  <testcase classname="com.TestCases.VerifyStoreTest" name="verify_add_store" time="9.084"/>
  <system-out/>
  <testcase classname="com.TestCases.VerifyStoreTest" name="verify_edit_store" time="8.911"/>
  <system-out/>
  <testcase classname="com.TestCases.VerifyStoreTest" name="verify_delete_store" time="7.911"/>
  <system-out/>
  <testcase classname="com.TestCases.VerifyStoreTest" name="verify_sort_store_coulmns" time="6.698"/>
  <system-out/>
  <testcase classname="com.TestCases.VerifyStoreTest" name="verify_show_dropdown" time="6.601"/>
  <system-out/>
  <testcase classname="com.TestCases.VerifyStoreTest" name="verify_store_search" time="6.680"/>
  <system-out/>
  <testcase classname="com.TestCases.VerifyStoreTest" name="verify_storepage_pagination" time="6.582"/>
  <system-out/>
</testsuite> <!-- com.TestCases.VerifyStoreTest -->
