<?xml version="1.0" encoding="UTF-8"?>
<!-- Generated by org.testng.reporters.JUnitReportReporter -->
<testsuite hostname="lap1154" failures="0" tests="6" name="com.TestCases.VerifyStoreManageTest" time="6.808" errors="0" timestamp="2023-03-09T03:28:50 IST" skipped="0">
  <testcase classname="com.TestCases.VerifyStoreManageTest" name="add_store_zone" time="1.185"/>
  <system-out/>
  <testcase classname="com.TestCases.VerifyStoreManageTest" name="edit_store_zone" time="1.221"/>
  <system-out/>
  <testcase classname="com.TestCases.VerifyStoreManageTest" name="delete_store_zone" time="0.717"/>
  <system-out/>
  <testcase classname="com.TestCases.VerifyStoreManageTest" name="add_store_table" time="0.890"/>
  <system-out/>
  <testcase classname="com.TestCases.VerifyStoreManageTest" name="edit_store_table" time="1.868"/>
  <system-out/>
  <testcase classname="com.TestCases.VerifyStoreManageTest" name="delete_store_table" time="0.927"/>
  <system-out/>
</testsuite> <!-- com.TestCases.VerifyStoreManageTest -->
