<?xml version="1.0" encoding="UTF-8"?>
<!-- Generated by org.testng.reporters.JUnitReportReporter -->
<testsuite hostname="lap1154" failures="0" tests="2" name="com.TestCases.VerifySettingsTest" time="18.475" errors="0" timestamp="2023-03-14T21:03:59 IST" skipped="0">
  <testcase classname="com.TestCases.VerifySettingsTest" name="verify_add_new_user" time="11.125"/>
  <system-out/>
  <testcase classname="com.TestCases.VerifySettingsTest" name="verify_add_new_warehouse" time="7.350"/>
  <system-out/>
</testsuite> <!-- com.TestCases.VerifySettingsTest -->
