<?xml version="1.0" encoding="UTF-8"?>
<!-- Generated by org.testng.reporters.JUnitReportReporter -->
<testsuite hostname="lap1154" failures="0" tests="5" name="com.TestCases.VerifyUserLogin" time="2.503" errors="0" timestamp="2023-03-05T13:56:30 IST" skipped="3">
  <testcase classname="com.TestCases.VerifyUserLogin" name="validUserinvalidPass" time="1.041"/>
  <system-out/>
  <testcase classname="com.TestCases.VerifyUserLogin" name="validUserinvalidPass" time="1.462"/>
  <system-out/>
  <testcase classname="com.TestCases.VerifyUserLogin" name="invalid_User_invalid_pass">
    <skipped/>
  </testcase> <!-- invalid_User_invalid_pass -->
  <system-out/>
  <testcase classname="com.TestCases.VerifyUserLogin" name="invalid_User_valid_pass">
    <skipped/>
  </testcase> <!-- invalid_User_valid_pass -->
  <system-out/>
  <testcase classname="com.TestCases.VerifyUserLogin" name="validUserLogin">
    <skipped/>
  </testcase> <!-- validUserLogin -->
  <system-out/>
</testsuite> <!-- com.TestCases.VerifyUserLogin -->
