<?xml version="1.0" encoding="UTF-8"?>
<!-- Generated by org.testng.reporters.JUnitReportReporter -->
<testsuite hostname="lap1154" failures="0" tests="1" name="com.TestCases.VerifyAddExpenseTest" time="9.256" errors="0" timestamp="2023-03-12T15:58:45 IST" skipped="0">
  <testcase classname="com.TestCases.VerifyAddExpenseTest" name="verify_expense_addition" time="9.256"/>
  <system-out/>
</testsuite> <!-- com.TestCases.VerifyAddExpenseTest -->
