<?xml version="1.0" encoding="UTF-8"?>
<!-- Generated by org.testng.reporters.JUnitReportReporter -->
<testsuite hostname="lap1154" failures="0" tests="3" name="com.TestCases.VerifyHomepageTest" time="14.216" errors="0" timestamp="2023-03-12T14:43:52 IST" skipped="0">
  <testcase classname="com.TestCases.VerifyHomepageTest" name="verify_logged_user_name" time="3.979"/>
  <system-out/>
  <testcase classname="com.TestCases.VerifyHomepageTest" name="verify_home_menu_elements" time="4.663"/>
  <system-out/>
  <testcase classname="com.TestCases.VerifyHomepageTest" name="verify_language_selection" time="5.574"/>
  <system-out/>
</testsuite> <!-- com.TestCases.VerifyHomepageTest -->
