<?xml version="1.0" encoding="UTF-8"?>
<!-- Generated by org.testng.reporters.JUnitReportReporter -->
<testsuite hostname="lap1154" failures="0" tests="4" name="com.TestCases.VerifyHomepageTest" time="40.383" errors="0" timestamp="2023-03-23T04:29:37 IST" skipped="1">
  <testcase classname="com.TestCases.VerifyHomepageTest" name="verify_logged_user_name" time="6.945"/>
  <system-out/>
  <testcase classname="com.TestCases.VerifyHomepageTest" name="verify_home_menu_elements" time="5.880"/>
  <system-out/>
  <testcase classname="com.TestCases.VerifyHomepageTest" name="verify_language_selection" time="19.957">
    <skipped/>
  </testcase> <!-- verify_language_selection -->
  <system-out/>
  <testcase classname="com.TestCases.VerifyHomepageTest" name="verify_language_selection" time="7.601"/>
  <system-out/>
</testsuite> <!-- com.TestCases.VerifyHomepageTest -->
