<?xml version="1.0" encoding="UTF-8"?>
<!-- Generated by org.testng.reporters.JUnitReportReporter -->
<testsuite hostname="lap1154" failures="0" tests="6" name="com.TestCases.VerifyStoreManageTest" time="53.062" errors="0" timestamp="2023-03-16T03:40:10 IST" skipped="0">
  <testcase classname="com.TestCases.VerifyStoreManageTest" name="verify_add_store_zone" time="8.969"/>
  <system-out/>
  <testcase classname="com.TestCases.VerifyStoreManageTest" name="verify_edit_store_zone" time="8.470"/>
  <system-out/>
  <testcase classname="com.TestCases.VerifyStoreManageTest" name="verify_delete_store_zone" time="8.119"/>
  <system-out/>
  <testcase classname="com.TestCases.VerifyStoreManageTest" name="verify_add_store_table" time="8.595"/>
  <system-out/>
  <testcase classname="com.TestCases.VerifyStoreManageTest" name="verify_edit_store_table" time="10.422"/>
  <system-out/>
  <testcase classname="com.TestCases.VerifyStoreManageTest" name="verify_delete_store_table" time="8.487"/>
  <system-out/>
</testsuite> <!-- com.TestCases.VerifyStoreManageTest -->
