<?xml version="1.0" encoding="UTF-8"?>
<!-- Generated by org.testng.reporters.JUnitReportReporter -->
<testsuite hostname="lap1154" failures="0" tests="5" name="com.TestCases.VerifyUserLoginTest" time="33.340" errors="0" timestamp="2023-03-16T22:30:50 IST" skipped="0">
  <testcase classname="com.TestCases.VerifyUserLoginTest" name="verify_invalid_User_invalid_password_login" time="6.784"/>
  <system-out/>
  <testcase classname="com.TestCases.VerifyUserLoginTest" name="verify_invalid_User_valid_password_login" time="6.431"/>
  <system-out/>
  <testcase classname="com.TestCases.VerifyUserLoginTest" name="verify_valid_User_invalid_Password_login" time="7.232"/>
  <system-out/>
  <testcase classname="com.TestCases.VerifyUserLoginTest" name="verify_valid_User_invalid_Password_login" time="7.063"/>
  <system-out/>
  <testcase classname="com.TestCases.VerifyUserLoginTest" name="verify_valid_User_Login" time="5.830"/>
  <system-out/>
</testsuite> <!-- com.TestCases.VerifyUserLoginTest -->
