<?xml version="1.0" encoding="UTF-8"?>
<!-- Generated by org.testng.reporters.JUnitReportReporter -->
<testsuite hostname="lap1154" failures="0" tests="6" name="com.TestCases.VerifyStoreManageTest" time="52.510" errors="0" timestamp="2023-03-18T00:06:56 IST" skipped="0">
  <testcase classname="com.TestCases.VerifyStoreManageTest" name="verify_add_store_zone" time="8.914"/>
  <system-out/>
  <testcase classname="com.TestCases.VerifyStoreManageTest" name="verify_edit_store_zone" time="8.779"/>
  <system-out/>
  <testcase classname="com.TestCases.VerifyStoreManageTest" name="verify_delete_store_zone" time="7.720"/>
  <system-out/>
  <testcase classname="com.TestCases.VerifyStoreManageTest" name="verify_add_store_table" time="8.942"/>
  <system-out/>
  <testcase classname="com.TestCases.VerifyStoreManageTest" name="verify_edit_store_table" time="9.508"/>
  <system-out/>
  <testcase classname="com.TestCases.VerifyStoreManageTest" name="verify_delete_store_table" time="8.647"/>
  <system-out/>
</testsuite> <!-- com.TestCases.VerifyStoreManageTest -->
