<?xml version="1.0" encoding="UTF-8"?>
<!-- Generated by org.testng.reporters.JUnitReportReporter -->
<testsuite hostname="lap1154" failures="0" tests="6" name="com.TestCases.VerifyStoreManageTest" time="15.399" errors="0" timestamp="2023-03-23T02:18:53 IST" skipped="5">
  <testcase classname="com.TestCases.VerifyStoreManageTest" name="verify_delete_store_table" time="15.399"/>
  <system-out/>
  <testcase classname="com.TestCases.VerifyStoreManageTest" name="verify_add_store_zone">
    <skipped/>
  </testcase> <!-- verify_add_store_zone -->
  <system-out/>
  <testcase classname="com.TestCases.VerifyStoreManageTest" name="verify_edit_store_table">
    <skipped/>
  </testcase> <!-- verify_edit_store_table -->
  <system-out/>
  <testcase classname="com.TestCases.VerifyStoreManageTest" name="verify_delete_store_zone">
    <skipped/>
  </testcase> <!-- verify_delete_store_zone -->
  <system-out/>
  <testcase classname="com.TestCases.VerifyStoreManageTest" name="verify_add_store_table">
    <skipped/>
  </testcase> <!-- verify_add_store_table -->
  <system-out/>
  <testcase classname="com.TestCases.VerifyStoreManageTest" name="verify_edit_store_zone">
    <skipped/>
  </testcase> <!-- verify_edit_store_zone -->
  <system-out/>
</testsuite> <!-- com.TestCases.VerifyStoreManageTest -->
