<?xml version="1.0" encoding="UTF-8"?>
<!-- Generated by org.testng.reporters.JUnitReportReporter -->
<testsuite hostname="lap1154" failures="0" tests="1" name="com.TestCases.VerifyHomePageLanguage" time="3.067" errors="0" timestamp="2023-03-05T15:59:25 IST" skipped="0">
  <testcase classname="com.TestCases.VerifyHomePageLanguage" name="select_language" time="3.067"/>
  <system-out/>
</testsuite> <!-- com.TestCases.VerifyHomePageLanguage -->
