<?xml version="1.0" encoding="UTF-8"?>
<!-- Generated by org.testng.reporters.JUnitReportReporter -->
<testsuite hostname="lap1154" failures="0" tests="9" name="com.TestCases.VerifyStoreTest" time="68.569" errors="0" timestamp="2023-03-18T00:06:56 IST" skipped="0">
  <testcase classname="com.TestCases.VerifyStoreTest" name="verify_sort_store_name_descending_order" time="6.962"/>
  <system-out/>
  <testcase classname="com.TestCases.VerifyStoreTest" name="verify_sort_store_name_ascending_order" time="6.990"/>
  <system-out/>
  <testcase classname="com.TestCases.VerifyStoreTest" name="verify_add_store" time="10.409"/>
  <system-out/>
  <testcase classname="com.TestCases.VerifyStoreTest" name="verify_edit_store" time="8.959"/>
  <system-out/>
  <testcase classname="com.TestCases.VerifyStoreTest" name="verify_delete_store" time="7.885"/>
  <system-out/>
  <testcase classname="com.TestCases.VerifyStoreTest" name="verify_sort_store_coulmns" time="6.791"/>
  <system-out/>
  <testcase classname="com.TestCases.VerifyStoreTest" name="verify_show_dropdown" time="6.916"/>
  <system-out/>
  <testcase classname="com.TestCases.VerifyStoreTest" name="verify_store_search" time="6.703"/>
  <system-out/>
  <testcase classname="com.TestCases.VerifyStoreTest" name="verify_storepage_pagination" time="6.954"/>
  <system-out/>
</testsuite> <!-- com.TestCases.VerifyStoreTest -->
