<?xml version="1.0" encoding="UTF-8"?>
<!-- Generated by org.testng.reporters.JUnitReportReporter -->
<testsuite hostname="lap1154" failures="0" tests="3" name="com.TestCases.VerifyHomepageTest" time="21.037" errors="0" timestamp="2023-03-18T00:06:56 IST" skipped="0">
  <testcase classname="com.TestCases.VerifyHomepageTest" name="verify_logged_user_name" time="5.628"/>
  <system-out/>
  <testcase classname="com.TestCases.VerifyHomepageTest" name="verify_home_menu_elements" time="6.791"/>
  <system-out/>
  <testcase classname="com.TestCases.VerifyHomepageTest" name="verify_language_selection" time="8.618"/>
  <system-out/>
</testsuite> <!-- com.TestCases.VerifyHomepageTest -->
