<?xml version="1.0" encoding="UTF-8"?>
<!-- Generated by org.testng.reporters.JUnitReportReporter -->
<testsuite hostname="lap1154" failures="0" tests="3" name="com.TestCases.VerifyHomepageTest" time="16.017" errors="0" timestamp="2023-03-14T21:03:59 IST" skipped="0">
  <testcase classname="com.TestCases.VerifyHomepageTest" name="verify_logged_user_name" time="5.767"/>
  <system-out/>
  <testcase classname="com.TestCases.VerifyHomepageTest" name="verify_home_menu_elements" time="4.645"/>
  <system-out/>
  <testcase classname="com.TestCases.VerifyHomepageTest" name="verify_language_selection" time="5.605"/>
  <system-out/>
</testsuite> <!-- com.TestCases.VerifyHomepageTest -->
