<?xml version="1.0" encoding="UTF-8"?>
<!-- Generated by org.testng.reporters.JUnitReportReporter -->
<testsuite hostname="lap1154" failures="0" tests="2" name="com.TestCases.VerifySettingsTest" time="19.177" errors="0" timestamp="2023-03-23T04:29:37 IST" skipped="0">
  <testcase classname="com.TestCases.VerifySettingsTest" name="verify_add_new_user" time="9.675"/>
  <system-out/>
  <testcase classname="com.TestCases.VerifySettingsTest" name="verify_add_new_warehouse" time="9.502"/>
  <system-out/>
</testsuite> <!-- com.TestCases.VerifySettingsTest -->
