<?xml version="1.0" encoding="UTF-8"?>
<!-- Generated by org.testng.reporters.JUnitReportReporter -->
<testsuite hostname="lap1154" failures="0" tests="7" name="com.TestCases.VerifyStoreManageTest" time="145.301" errors="0" timestamp="2023-03-22T05:13:45 IST" skipped="2">
  <testcase classname="com.TestCases.VerifyStoreManageTest" name="verify_add_store_zone" time="11.998"/>
  <system-out/>
  <testcase classname="com.TestCases.VerifyStoreManageTest" name="verify_edit_store_zone" time="12.986"/>
  <system-out/>
  <testcase classname="com.TestCases.VerifyStoreManageTest" name="verify_delete_store_zone" time="10.795"/>
  <system-out/>
  <testcase classname="com.TestCases.VerifyStoreManageTest" name="verify_edit_store_table" time="28.636">
    <skipped/>
  </testcase> <!-- verify_edit_store_table -->
  <system-out/>
  <testcase classname="com.TestCases.VerifyStoreManageTest" name="verify_edit_store_table" time="55.916"/>
  <system-out/>
  <testcase classname="com.TestCases.VerifyStoreManageTest" name="verify_delete_store_table" time="24.970"/>
  <system-out/>
  <testcase classname="com.TestCases.VerifyStoreManageTest" name="verify_add_store_table">
    <skipped/>
  </testcase> <!-- verify_add_store_table -->
  <system-out/>
</testsuite> <!-- com.TestCases.VerifyStoreManageTest -->
