<?xml version="1.0" encoding="UTF-8"?>
<!-- Generated by org.testng.reporters.JUnitReportReporter -->
<testsuite hostname="lap1154" failures="0" tests="3" name="com.TestCases.VerifyAddProductTest" time="17.817" errors="0" timestamp="2023-03-09T04:34:19 IST" skipped="0">
  <testcase classname="com.TestCases.VerifyAddProductTest" name="file_upload" time="2.451"/>
  <system-out/>
  <testcase classname="com.TestCases.VerifyAddProductTest" name="file_download" time="0.758"/>
  <system-out/>
  <testcase classname="com.TestCases.VerifyAddProductTest" name="user_add_product" time="14.608"/>
  <system-out/>
</testsuite> <!-- com.TestCases.VerifyAddProductTest -->
