<?xml version="1.0" encoding="UTF-8"?>
<!-- Generated by org.testng.reporters.JUnitReportReporter -->
<testsuite hostname="lap1154" failures="0" tests="4" name="com.TestCases.VerifyAddProductTest" time="55.345" errors="0" timestamp="2023-03-23T04:29:38 IST" skipped="0">
  <testcase classname="com.TestCases.VerifyAddProductTest" name="verify_add_product" time="13.738"/>
  <system-out/>
  <testcase classname="com.TestCases.VerifyAddProductTest" name="verify_file_download" time="9.407"/>
  <system-out/>
  <testcase classname="com.TestCases.VerifyAddProductTest" name="verify_file_upload" time="13.600"/>
  <system-out/>
  <testcase classname="com.TestCases.VerifyAddProductTest" name="verify_print_menu" time="18.600"/>
  <system-out/>
</testsuite> <!-- com.TestCases.VerifyAddProductTest -->
