<?xml version="1.0" encoding="UTF-8"?>
<!-- Generated by org.testng.reporters.JUnitReportReporter -->
<testsuite hostname="lap1154" failures="0" tests="5" name="com.TestCases.VerifyAddProductTest" time="223.387" errors="0" timestamp="2023-03-22T05:13:45 IST" skipped="1">
  <testcase classname="com.TestCases.VerifyAddProductTest" name="verify_add_product" time="16.890"/>
  <system-out/>
  <testcase classname="com.TestCases.VerifyAddProductTest" name="verify_file_download" time="11.965"/>
  <system-out/>
  <testcase classname="com.TestCases.VerifyAddProductTest" name="verify_file_upload" time="14.576"/>
  <system-out/>
  <testcase classname="com.TestCases.VerifyAddProductTest" name="verify_print_menu" time="21.318"/>
  <system-out/>
  <testcase classname="com.TestCases.VerifyAddProductTest" name="verify_print_menu" time="158.638">
    <skipped/>
  </testcase> <!-- verify_print_menu -->
  <system-out/>
</testsuite> <!-- com.TestCases.VerifyAddProductTest -->
