<?xml version="1.0" encoding="UTF-8"?>
<!-- Generated by org.testng.reporters.JUnitReportReporter -->
<testsuite hostname="lap1154" failures="0" tests="4" name="com.TestCases.VerifyAddProductTest" time="52.351" errors="0" timestamp="2023-03-12T16:43:44 IST" skipped="0">
  <testcase classname="com.TestCases.VerifyAddProductTest" name="verify_add_product" time="18.792"/>
  <system-out/>
  <testcase classname="com.TestCases.VerifyAddProductTest" name="verify_file_download" time="7.075"/>
  <system-out/>
  <testcase classname="com.TestCases.VerifyAddProductTest" name="verify_file_upload" time="9.907"/>
  <system-out/>
  <testcase classname="com.TestCases.VerifyAddProductTest" name="verify_print_menu" time="16.577"/>
  <system-out/>
</testsuite> <!-- com.TestCases.VerifyAddProductTest -->
