<?xml version="1.0" encoding="UTF-8"?>
<!-- Generated by org.testng.reporters.JUnitReportReporter -->
<testsuite hostname="lap1154" failures="0" tests="3" name="pack1.VehicleInsuranceTest" time="0.007" errors="0" timestamp="2023-03-18T09:05:30 IST" skipped="0">
  <testcase classname="pack1.VehicleInsuranceTest" name="four_wheeler" time="0.005"/>
  <system-out/>
  <testcase classname="pack1.VehicleInsuranceTest" name="two_wheeler" time="0.001"/>
  <system-out/>
  <testcase classname="pack1.VehicleInsuranceTest" name="three_wheeler" time="0.001"/>
  <system-out/>
</testsuite> <!-- pack1.VehicleInsuranceTest -->
