<?xml version="1.0" encoding="UTF-8"?>
<!-- Generated by org.testng.reporters.JUnitReportReporter -->
<testsuite hostname="lap1154" failures="0" tests="4" name="pack1.HomeInsuranceTest" time="0.029" errors="0" timestamp="2023-02-02T11:08:27 IST" skipped="0">
  <testcase classname="pack1.HomeInsuranceTest" name="MobileInsuranceWebLogin" time="0.003"/>
  <system-out/>
  <testcase classname="pack1.HomeInsuranceTest" name="MobileInsuranceWebLogout" time="0.008"/>
  <system-out/>
  <testcase classname="pack1.HomeInsuranceTest" name="HomeInsuranceWebLogout" time="0.009"/>
  <system-out/>
  <testcase classname="pack1.HomeInsuranceTest" name="HomeInsuranceWebLogin" time="0.009"/>
  <system-out/>
</testsuite> <!-- pack1.HomeInsuranceTest -->
