<?xml version="1.0" encoding="UTF-8"?>
<!-- Generated by org.testng.reporters.JUnitReportReporter -->
<testsuite hostname="lap1154" failures="0" tests="4" name="pack1.VehicleInsuranceTest" time="0.037" errors="0" timestamp="2023-02-02T11:08:27 IST" skipped="0">
  <testcase classname="pack1.VehicleInsuranceTest" name="VehicleMobileInsuranceWebLogin" time="0.024"/>
  <system-out/>
  <testcase classname="pack1.VehicleInsuranceTest" name="VehicleMobileInsuranceWebLogout" time="0.005"/>
  <system-out/>
  <testcase classname="pack1.VehicleInsuranceTest" name="VehicleInsuranceWebLogout" time="0.006"/>
  <system-out/>
  <testcase classname="pack1.VehicleInsuranceTest" name="VehicleInsuranceWebLogin" time="0.002"/>
  <system-out/>
</testsuite> <!-- pack1.VehicleInsuranceTest -->
