<?xml version="1.0" encoding="UTF-8"?>
<!-- Generated by org.testng.reporters.JUnitReportReporter -->
<testsuite hostname="lap1154" failures="0" tests="4" name="Testcases.ActionClassInSelenium" time="11.113" errors="0" timestamp="2023-02-21T23:58:22 IST" skipped="0">
  <testcase classname="Testcases.ActionClassInSelenium" name="mouseclick" time="0.582"/>
  <system-out/>
  <testcase classname="Testcases.ActionClassInSelenium" name="mousehover" time="6.796"/>
  <system-out/>
  <testcase classname="Testcases.ActionClassInSelenium" name="mousedoubleclick" time="1.087"/>
  <system-out/>
  <testcase classname="Testcases.ActionClassInSelenium" name="draganddrop" time="2.648"/>
  <system-out/>
</testsuite> <!-- Testcases.ActionClassInSelenium -->
