<?xml version="1.0" encoding="UTF-8"?>
<!-- Generated by org.testng.reporters.JUnitReportReporter -->
<testsuite hostname="lap1154" failures="0" tests="2" name="samplepack.OperationsTest" time="9.182" errors="0" timestamp="2023-02-03T04:45:52 IST" skipped="0">
  <testcase classname="samplepack.OperationsTest" name="TextboxInput" time="5.709"/>
  <system-out/>
  <testcase classname="samplepack.OperationsTest" name="TextboxTwoInput" time="3.473"/>
  <system-out/>
</testsuite> <!-- samplepack.OperationsTest -->
