<?xml version="1.0" encoding="UTF-8"?>
<!-- Generated by org.testng.reporters.JUnitReportReporter -->
<testsuite hostname="lap1154" failures="0" tests="1" name="samplepack.UploadRobot" time="18.199" errors="0" timestamp="2023-02-07T04:53:31 IST" skipped="0">
  <testcase classname="samplepack.UploadRobot" name="fileUploadUsingRobotClass" time="18.199"/>
  <system-out/>
</testsuite> <!-- samplepack.UploadRobot -->
