<?xml version="1.0" encoding="UTF-8"?>
<!-- Generated by org.testng.reporters.JUnitReportReporter -->
<testsuite hostname="lap1154" failures="0" tests="3" name="pack1.VehicleInsuranceTest" time="0.024" errors="0" timestamp="2023-03-06T11:05:33 IST" skipped="0">
  <testcase classname="pack1.VehicleInsuranceTest" name="two_wheeler" time="0.007"/>
  <system-out/>
  <testcase classname="pack1.VehicleInsuranceTest" name="three_wheeler" time="0.003"/>
  <system-out/>
  <testcase classname="pack1.VehicleInsuranceTest" name="four_wheeler" time="0.014"/>
  <system-out/>
</testsuite> <!-- pack1.VehicleInsuranceTest -->
