<?xml version="1.0" encoding="UTF-8"?>
<!-- Generated by org.testng.reporters.JUnitReportReporter -->
<testsuite hostname="lap1154" failures="0" tests="2" name="Testcases.ExplicitFluentWait" time="14.893" errors="0" timestamp="2023-02-20T03:13:25 IST" skipped="0">
  <testcase classname="Testcases.ExplicitFluentWait" name="waitfluent" time="13.205"/>
  <system-out/>
  <testcase classname="Testcases.ExplicitFluentWait" name="waitexplicit" time="1.688"/>
  <system-out/>
</testsuite> <!-- Testcases.ExplicitFluentWait -->
