<?xml version="1.0" encoding="UTF-8"?>
<!-- Generated by org.testng.reporters.JUnitReportReporter -->
<testsuite hostname="lap1154" failures="0" tests="2" name="Testcases.ScrollInSelenium" time="0.905" errors="0" timestamp="2023-02-19T19:21:02 IST" skipped="0">
  <testcase classname="Testcases.ScrollInSelenium" name="javascriptpageScroll" time="0.049"/>
  <system-out/>
  <testcase classname="Testcases.ScrollInSelenium" name="actionclasspageScroll" time="0.856"/>
  <system-out/>
</testsuite> <!-- Testcases.ScrollInSelenium -->
