<?xml version="1.0" encoding="UTF-8"?>
<!-- Generated by org.testng.reporters.JUnitReportReporter -->
<testsuite hostname="lap1154" failures="0" tests="3" name="Testcases.TestNgDataProviders" time="15.220" errors="0" timestamp="2023-02-07T17:19:18 IST" skipped="0">
  <testcase classname="Testcases.TestNgDataProviders" name="swaglabs" time="4.573"/>
  <system-out/>
  <testcase classname="Testcases.TestNgDataProviders" name="swaglabs" time="6.019"/>
  <system-out/>
  <testcase classname="Testcases.TestNgDataProviders" name="swaglabs" time="4.628"/>
  <system-out/>
</testsuite> <!-- Testcases.TestNgDataProviders -->
