<?xml version="1.0" encoding="UTF-8"?>
<!-- Generated by org.testng.reporters.JUnitReportReporter -->
<testsuite hostname="lap1154" failures="0" tests="1" name="Testcases.UploadFileRobot" time="4.060" errors="0" timestamp="2023-02-22T01:30:49 IST" skipped="0">
  <testcase classname="Testcases.UploadFileRobot" name="fileUploadUsingRobotClass" time="4.060"/>
  <system-out/>
</testsuite> <!-- Testcases.UploadFileRobot -->
