<?xml version="1.0" encoding="UTF-8"?>
<!-- Generated by org.testng.reporters.JUnitReportReporter -->
<testsuite hostname="lap1154" failures="0" tests="1" name="samplepack.OperationsTest" time="5.989" errors="0" timestamp="2023-02-02T10:57:54 IST" skipped="0">
  <testcase classname="samplepack.OperationsTest" name="TextboxInput" time="5.989"/>
  <system-out/>
</testsuite> <!-- samplepack.OperationsTest -->
