<?xml version="1.0" encoding="UTF-8"?>
<!-- Generated by org.testng.reporters.JUnitReportReporter -->
<testsuite hostname="lap1154" failures="0" tests="4" name="Testcases.ActionClassInSelenium" time="11.124" errors="0" timestamp="2023-03-07T03:04:21 IST" skipped="0">
  <testcase classname="Testcases.ActionClassInSelenium" name="mousehover" time="7.086"/>
  <system-out/>
  <testcase classname="Testcases.ActionClassInSelenium" name="mousedoubleclick" time="0.687"/>
  <system-out/>
  <testcase classname="Testcases.ActionClassInSelenium" name="draganddrop" time="2.709"/>
  <system-out/>
  <testcase classname="Testcases.ActionClassInSelenium" name="mouseclick" time="0.642"/>
  <system-out/>
</testsuite> <!-- Testcases.ActionClassInSelenium -->
