<?xml version="1.0" encoding="UTF-8"?>
<!-- Generated by org.testng.reporters.JUnitReportReporter -->
<testsuite hostname="lap1154" failures="0" tests="4" name="Testcases.ActionClassInSelenium" time="18.275" errors="0" timestamp="2023-03-09T23:24:01 IST" skipped="0">
  <testcase classname="Testcases.ActionClassInSelenium" name="mousehover" time="8.869"/>
  <system-out/>
  <testcase classname="Testcases.ActionClassInSelenium" name="mousedoubleclick" time="1.407"/>
  <system-out/>
  <testcase classname="Testcases.ActionClassInSelenium" name="mouseclick" time="4.116"/>
  <system-out/>
  <testcase classname="Testcases.ActionClassInSelenium" name="draganddrop" time="3.883"/>
  <system-out/>
</testsuite> <!-- Testcases.ActionClassInSelenium -->
