<?xml version="1.0" encoding="UTF-8"?>
<!-- Generated by org.testng.reporters.JUnitReportReporter -->
<testsuite hostname="lap1154" failures="0" tests="1" name="Testcases.UploadFileSendKey" time="0.904" errors="0" timestamp="2023-02-21T23:48:07 IST" skipped="0">
  <testcase classname="Testcases.UploadFileSendKey" name="fileUploadUsingSendKey" time="0.904"/>
  <system-out/>
</testsuite> <!-- Testcases.UploadFileSendKey -->
