<?xml version="1.0" encoding="UTF-8"?>
<!-- Generated by org.testng.reporters.JUnitReportReporter -->
<testsuite hostname="lap1154" failures="0" tests="1" name="samplepack.UploadFile" time="6.080" errors="0" timestamp="2023-02-07T04:03:10 IST" skipped="0">
  <testcase classname="samplepack.UploadFile" name="fileUploadUsingRobot" time="6.080"/>
  <system-out/>
</testsuite> <!-- samplepack.UploadFile -->
