<?xml version="1.0" encoding="UTF-8"?>
<!-- Generated by org.testng.reporters.JUnitReportReporter -->
<testsuite hostname="lap1154" failures="0" tests="1" name="samplepack.DownloadFile" time="7.667" errors="0" timestamp="2023-02-07T05:44:39 IST" skipped="0">
  <testcase classname="samplepack.DownloadFile" name="browserload" time="7.667"/>
  <system-out/>
</testsuite> <!-- samplepack.DownloadFile -->
