<?xml version="1.0" encoding="UTF-8"?>
<!-- Generated by org.testng.reporters.JUnitReportReporter -->
<testsuite hostname="lap1154" failures="0" tests="4" name="Testcases.ActionClassInSelenium" time="12.892" errors="0" timestamp="2023-03-06T14:22:27 IST" skipped="0">
  <testcase classname="Testcases.ActionClassInSelenium" name="draganddrop" time="3.063"/>
  <system-out/>
  <testcase classname="Testcases.ActionClassInSelenium" name="mouseclick" time="1.487"/>
  <system-out/>
  <testcase classname="Testcases.ActionClassInSelenium" name="mousedoubleclick" time="1.291"/>
  <system-out/>
  <testcase classname="Testcases.ActionClassInSelenium" name="mousehover" time="7.051"/>
  <system-out/>
</testsuite> <!-- Testcases.ActionClassInSelenium -->
