<?xml version="1.0" encoding="UTF-8"?>
<!-- Generated by org.testng.reporters.JUnitReportReporter -->
<testsuite hostname="lap1154" failures="0" tests="4" name="pack1.LifeInsuranceTest" time="0.017" errors="0" timestamp="2023-03-06T13:58:54 IST" skipped="0">
  <testcase classname="pack1.LifeInsuranceTest" name="LifeMobileInsuranceWebLogin" time="0.009"/>
  <system-out/>
  <testcase classname="pack1.LifeInsuranceTest" name="LifeMobileInsuranceWebLogout" time="0.002"/>
  <system-out/>
  <testcase classname="pack1.LifeInsuranceTest" name="LifeInsuranceWebLogout" time="0.003"/>
  <system-out/>
  <testcase classname="pack1.LifeInsuranceTest" name="LifeInsuranceWebLogin" time="0.003"/>
  <system-out/>
</testsuite> <!-- pack1.LifeInsuranceTest -->
