<?xml version="1.0" encoding="UTF-8"?>
<!-- Generated by org.testng.reporters.JUnitReportReporter -->
<testsuite hostname="lap1154" failures="0" tests="3" name="pack1.DogInsuranceTest" time="0.015" errors="0" timestamp="2023-02-02T11:08:27 IST" skipped="0">
  <testcase classname="pack1.DogInsuranceTest" name="DogMobileInsuranceWebLogin" time="0.008"/>
  <system-out/>
  <testcase classname="pack1.DogInsuranceTest" name="DogMobileInsuranceWebLogout" time="0.003"/>
  <system-out/>
  <testcase classname="pack1.DogInsuranceTest" name="DogInsuranceWebLogout" time="0.004"/>
  <system-out/>
</testsuite> <!-- pack1.DogInsuranceTest -->
