<?xml version="1.0" encoding="UTF-8"?>
<!-- Generated by org.testng.reporters.JUnitReportReporter -->
<testsuite hostname="lap1154" failures="0" tests="3" name="pack1.VehicleInsuranceTest" time="0.010" errors="0" timestamp="2023-03-07T03:43:59 IST" skipped="0">
  <testcase classname="pack1.VehicleInsuranceTest" name="four_wheeler" time="0.006"/>
  <system-out/>
  <testcase classname="pack1.VehicleInsuranceTest" name="two_wheeler" time="0.002"/>
  <system-out/>
  <testcase classname="pack1.VehicleInsuranceTest" name="three_wheeler" time="0.002"/>
  <system-out/>
</testsuite> <!-- pack1.VehicleInsuranceTest -->
