<?xml version="1.0" encoding="UTF-8"?>
<!-- Generated by org.testng.reporters.JUnitReportReporter -->
<testsuite hostname="lap1154" failures="0" tests="1" name="Testcases.RobotClassInSelenium" time="11.695" errors="0" timestamp="2023-03-05T20:18:09 IST" skipped="0">
  <testcase classname="Testcases.RobotClassInSelenium" name="robot" time="11.695"/>
  <system-out/>
</testsuite> <!-- Testcases.RobotClassInSelenium -->
