<?xml version="1.0" encoding="UTF-8"?>
<!-- Generated by org.testng.reporters.JUnitReportReporter -->
<testsuite hostname="lap1154" failures="0" tests="6" name="Testcases.DynamicWebTable" time="0.488" errors="0" timestamp="2023-02-21T23:59:55 IST" skipped="0">
  <testcase classname="Testcases.DynamicWebTable" name="findrowno" time="0.014"/>
  <system-out/>
  <testcase classname="Testcases.DynamicWebTable" name="findcolumnno" time="0.026"/>
  <system-out/>
  <testcase classname="Testcases.DynamicWebTable" name="firstcolumnelements" time="0.133"/>
  <system-out/>
  <testcase classname="Testcases.DynamicWebTable" name="firstrowelements" time="0.091"/>
  <system-out/>
  <testcase classname="Testcases.DynamicWebTable" name="findoneelement" time="0.024"/>
  <system-out/>
  <testcase classname="Testcases.DynamicWebTable" name="findallelement" time="0.200"/>
  <system-out/>
</testsuite> <!-- Testcases.DynamicWebTable -->
