<?xml version="1.0" encoding="UTF-8"?>
<!-- Generated by org.testng.reporters.JUnitReportReporter -->
<testsuite hostname="lap1154" failures="0" tests="2" name="Testcases.AlertInSelenium" time="2.469" errors="0" timestamp="2023-02-16T04:10:02 IST" skipped="1">
  <testcase classname="Testcases.AlertInSelenium" name="windowhandle" time="2.469"/>
  <system-out/>
  <testcase classname="Testcases.AlertInSelenium" name="handlingalert">
    <skipped/>
  </testcase> <!-- handlingalert -->
  <system-out/>
</testsuite> <!-- Testcases.AlertInSelenium -->
