<?xml version="1.0" encoding="UTF-8"?>
<!-- Generated by org.testng.reporters.JUnitReportReporter -->
<testsuite hostname="lap1154" failures="0" tests="2" name="Testcases.AlertInSelenium" time="6.778" errors="0" timestamp="2023-03-06T14:22:27 IST" skipped="0">
  <testcase classname="Testcases.AlertInSelenium" name="handlingalert" time="2.530"/>
  <system-out/>
  <testcase classname="Testcases.AlertInSelenium" name="windowhandle" time="4.248"/>
  <system-out/>
</testsuite> <!-- Testcases.AlertInSelenium -->
