<?xml version="1.0" encoding="UTF-8"?>
<!-- Generated by org.testng.reporters.JUnitReportReporter -->
<testsuite hostname="lap1154" failures="0" tests="2" name="Testcases.OperationsTest" time="0.888" errors="0" timestamp="2023-02-22T01:13:14 IST" skipped="0">
  <testcase classname="Testcases.OperationsTest" name="TextboxInput" time="0.512"/>
  <system-out/>
  <testcase classname="Testcases.OperationsTest" name="TextboxTwoInput" time="0.376"/>
  <system-out/>
</testsuite> <!-- Testcases.OperationsTest -->
