<?xml version="1.0" encoding="UTF-8"?>
<!-- Generated by org.testng.reporters.JUnitReportReporter -->
<testsuite hostname="lap1154" failures="0" tests="3" name="Testcases.TestNgDataProviders" time="7.495" errors="0" timestamp="2023-02-22T01:16:04 IST" skipped="0">
  <testcase classname="Testcases.TestNgDataProviders" name="swaglabs" time="2.255"/>
  <system-out/>
  <testcase classname="Testcases.TestNgDataProviders" name="swaglabs" time="2.700"/>
  <system-out/>
  <testcase classname="Testcases.TestNgDataProviders" name="swaglabs" time="2.540"/>
  <system-out/>
</testsuite> <!-- Testcases.TestNgDataProviders -->
