<?xml version="1.0" encoding="UTF-8"?>
<!-- Generated by org.testng.reporters.JUnitReportReporter -->
<testsuite hostname="lap1154" failures="0" tests="4" name="Testcases.ActionClassInSelenium" time="3.678" errors="0" timestamp="2023-02-19T19:26:12 IST" skipped="3">
  <testcase classname="Testcases.ActionClassInSelenium" name="draganddrop" time="3.678"/>
  <system-out/>
  <testcase classname="Testcases.ActionClassInSelenium" name="mouseclick">
    <skipped/>
  </testcase> <!-- mouseclick -->
  <system-out/>
  <testcase classname="Testcases.ActionClassInSelenium" name="mousehover">
    <skipped/>
  </testcase> <!-- mousehover -->
  <system-out/>
  <testcase classname="Testcases.ActionClassInSelenium" name="mousedoubleclick">
    <skipped/>
  </testcase> <!-- mousedoubleclick -->
  <system-out/>
</testsuite> <!-- Testcases.ActionClassInSelenium -->
