<?xml version="1.0" encoding="UTF-8"?>
<!-- Generated by org.testng.reporters.JUnitReportReporter -->
<testsuite hostname="lap1154" failures="0" tests="1" name="Testcases.RobotClassInSelenium" time="12.788" errors="0" timestamp="2023-02-21T10:51:05 IST" skipped="0">
  <testcase classname="Testcases.RobotClassInSelenium" name="robot" time="12.788"/>
  <system-out/>
</testsuite> <!-- Testcases.RobotClassInSelenium -->
