<?xml version="1.0" encoding="UTF-8"?>
<!-- Generated by org.testng.reporters.JUnitReportReporter -->
<testsuite hostname="lap1154" failures="0" tests="1" name="Testcases.JavascriptExcecuterInSelenium" time="5.106" errors="0" timestamp="2023-03-21T04:32:01 IST" skipped="0">
  <testcase classname="Testcases.JavascriptExcecuterInSelenium" name="javaexec" time="5.106"/>
  <system-out/>
</testsuite> <!-- Testcases.JavascriptExcecuterInSelenium -->
