<?xml version="1.0" encoding="UTF-8"?>
<!-- Generated by org.testng.reporters.JUnitReportReporter -->
<testsuite hostname="lap1154" failures="0" tests="1" name="Testcases.RobotClassInSelenium" time="10.943" errors="0" timestamp="2023-02-16T17:05:29 IST" skipped="0">
  <testcase classname="Testcases.RobotClassInSelenium" name="robot" time="10.943"/>
  <system-out/>
</testsuite> <!-- Testcases.RobotClassInSelenium -->
