<?xml version="1.0" encoding="UTF-8"?>
<!-- Generated by org.testng.reporters.JUnitReportReporter -->
<testsuite hostname="lap1154" failures="0" tests="1" name="Testcases.ParametersInTestng" time="0.009" errors="0" timestamp="2023-02-24T01:26:30 IST" skipped="0">
  <testcase classname="Testcases.ParametersInTestng" name="program" time="0.009"/>
  <system-out/>
</testsuite> <!-- Testcases.ParametersInTestng -->
