<?xml version="1.0" encoding="UTF-8"?>
<!-- Generated by org.testng.reporters.JUnitReportReporter -->
<testsuite hostname="lap1154" failures="0" tests="4" name="pack1.LifeInsuranceTest" time="0.027" errors="0" timestamp="2023-02-02T11:08:27 IST" skipped="0">
  <testcase classname="pack1.LifeInsuranceTest" name="LifeMobileInsuranceWebLogin" time="0.014"/>
  <system-out/>
  <testcase classname="pack1.LifeInsuranceTest" name="LifeMobileInsuranceWebLogout" time="0.004"/>
  <system-out/>
  <testcase classname="pack1.LifeInsuranceTest" name="LifeInsuranceWebLogout" time="0.007"/>
  <system-out/>
  <testcase classname="pack1.LifeInsuranceTest" name="LifeInsuranceWebLogin" time="0.002"/>
  <system-out/>
</testsuite> <!-- pack1.LifeInsuranceTest -->
