<?xml version="1.0" encoding="UTF-8"?>
<!-- Generated by org.testng.reporters.JUnitReportReporter -->
<testsuite hostname="lap1154" failures="0" tests="4" name="Testcases.ActionClassInSelenium" time="17.218" errors="0" timestamp="2023-02-13T04:43:39 IST" skipped="3">
  <testcase classname="Testcases.ActionClassInSelenium" name="mousehover" time="17.218"/>
  <system-out/>
  <testcase classname="Testcases.ActionClassInSelenium" name="mouseclick">
    <skipped/>
  </testcase> <!-- mouseclick -->
  <system-out/>
  <testcase classname="Testcases.ActionClassInSelenium" name="draganddrop">
    <skipped/>
  </testcase> <!-- draganddrop -->
  <system-out/>
  <testcase classname="Testcases.ActionClassInSelenium" name="mousedoubleclick">
    <skipped/>
  </testcase> <!-- mousedoubleclick -->
  <system-out/>
</testsuite> <!-- Testcases.ActionClassInSelenium -->
