<?xml version="1.0" encoding="UTF-8"?>
<!-- Generated by org.testng.reporters.JUnitReportReporter -->
<testsuite hostname="lap1154" failures="0" tests="1" name="test_pack.SwagLoginTest" time="2.796" errors="0" timestamp="2023-03-07T02:58:45 IST" skipped="0">
  <testcase classname="test_pack.SwagLoginTest" name="Login" time="2.796"/>
  <system-out/>
</testsuite> <!-- test_pack.SwagLoginTest -->
